<?xml version="1.0" encoding="UTF-8"?>
<!-- Generated by org.testng.reporters.JUnitReportReporter -->
<testsuite hostname="DESKTOP-L0EDU15" failures="0" tests="3" name="myalice_automation_test.MainClass" time="13.820" errors="0" timestamp="2024-08-24T12:28:45 BDT" skipped="0">
  <testcase classname="myalice_automation_test.MainClass" name="LogInTest" time="4.715"/>
  <testcase classname="myalice_automation_test.MainClass" name="Manga_Search_and_isplay" time="5.927"/>
  <testcase classname="myalice_automation_test.MainClass" name="MangaDetailsModal" time="3.178"/>
</testsuite> <!-- myalice_automation_test.MainClass -->
